This is pdfTeX, Version 3.14159265-2.6-1.40.19 (TeX Live 2018) (preloaded format=pdflatex 2018.6.1)  3 JUN 2018 22:59
entering extended mode
 restricted \write18 enabled.
 %&-line parsing enabled.
**Yassin_Microstructure_de_Prix.tex
(./Yassin_Microstructure_de_Prix.tex
LaTeX2e <2018-04-01> patch level 2
Babel <3.18> and hyphenation patterns for 84 language(s) loaded.
(/usr/local/texlive/2018/texmf-dist/tex/latex/base/article.cls
Document Class: article 2014/09/29 v1.4h Standard LaTeX document class
(/usr/local/texlive/2018/texmf-dist/tex/latex/base/size11.clo
File: size11.clo 2014/09/29 v1.4h Standard LaTeX file (size option)
)
\c@part=\count80
\c@section=\count81
\c@subsection=\count82
\c@subsubsection=\count83
\c@paragraph=\count84
\c@subparagraph=\count85
\c@figure=\count86
\c@table=\count87
\abovecaptionskip=\skip41
\belowcaptionskip=\skip42
\bibindent=\dimen102
)
(/usr/local/texlive/2018/texmf-dist/tex/latex/base/inputenc.sty
Package: inputenc 2018/04/06 v1.3b Input encoding file
\inpenc@prehook=\toks14
\inpenc@posthook=\toks15
)
(/usr/local/texlive/2018/texmf-dist/tex/generic/babel/babel.sty
Package: babel 2018/02/14 3.18 The Babel package

(/usr/local/texlive/2018/texmf-dist/tex/generic/babel/switch.def
File: switch.def 2018/02/14 3.18 Babel switching mechanism
)
(/usr/local/texlive/2018/texmf-dist/tex/generic/babel-french/french.ldf
Language: french 2018/03/25 v3.4c French support from the babel system

(/usr/local/texlive/2018/texmf-dist/tex/generic/babel/babel.def
File: babel.def 2018/02/14 3.18 Babel common definitions
\babel@savecnt=\count88
\U@D=\dimen103

(/usr/local/texlive/2018/texmf-dist/tex/generic/babel/txtbabel.def)
\bbl@dirlevel=\count89
)
\l@acadian = a dialect from \language\l@french 
\FB@nonchar=\count90
Package babel Info: Making : an active character on input line 415.
Package babel Info: Making ; an active character on input line 416.
Package babel Info: Making ! an active character on input line 417.
Package babel Info: Making ? an active character on input line 418.
\FBguill@level=\count91
\FB@everypar=\toks16
\FB@Mht=\dimen104
\mc@charclass=\count92
\mc@charfam=\count93
\mc@charslot=\count94
\std@mcc=\count95
\dec@mcc=\count96
\c@FBcaption@count=\count97
\listindentFB=\skip43
\descindentFB=\skip44
\labelwidthFB=\skip45
\leftmarginFB=\skip46
\parindentFFN=\dimen105
\FBfnindent=\skip47
))
(/usr/local/texlive/2018/texmf-dist/tex/latex/carlisle/scalefnt.sty)
(/usr/local/texlive/2018/texmf-dist/tex/latex/graphics/keyval.sty
Package: keyval 2014/10/28 v1.15 key=value parser (DPC)
\KV@toks@=\toks17
)
(/usr/local/texlive/2018/texmf-dist/tex/latex/base/fontenc.sty
Package: fontenc 2017/04/05 v2.0i Standard LaTeX package

(/usr/local/texlive/2018/texmf-dist/tex/latex/base/t1enc.def
File: t1enc.def 2017/04/05 v2.0i Standard LaTeX file
LaTeX Font Info:    Redeclaring font encoding T1 on input line 48.
))
(/usr/local/texlive/2018/texmf-dist/tex/latex/base/textcomp.sty
Package: textcomp 2017/04/05 v2.0i Standard LaTeX package
Package textcomp Info: Sub-encoding information:
(textcomp)               5 = only ISO-Adobe without \textcurrency
(textcomp)               4 = 5 + \texteuro
(textcomp)               3 = 4 + \textohm
(textcomp)               2 = 3 + \textestimated + \textcurrency
(textcomp)               1 = TS1 - \textcircled - \t
(textcomp)               0 = TS1 (full)
(textcomp)             Font families with sub-encoding setting implement
(textcomp)             only a restricted character set as indicated.
(textcomp)             Family '?' is the default used for unknown fonts.
(textcomp)             See the documentation for details.
Package textcomp Info: Setting ? sub-encoding to TS1/1 on input line 79.

(/usr/local/texlive/2018/texmf-dist/tex/latex/base/ts1enc.def
File: ts1enc.def 2001/06/05 v3.0e (jk/car/fm) Standard LaTeX file
Now handling font encoding TS1 ...
... processing UTF-8 mapping file for font encoding TS1

(/usr/local/texlive/2018/texmf-dist/tex/latex/base/ts1enc.dfu
File: ts1enc.dfu 2018/04/05 v1.2c UTF-8 support for inputenc
   defining Unicode char U+00A2 (decimal 162)
   defining Unicode char U+00A3 (decimal 163)
   defining Unicode char U+00A4 (decimal 164)
   defining Unicode char U+00A5 (decimal 165)
   defining Unicode char U+00A6 (decimal 166)
   defining Unicode char U+00A7 (decimal 167)
   defining Unicode char U+00A8 (decimal 168)
   defining Unicode char U+00A9 (decimal 169)
   defining Unicode char U+00AA (decimal 170)
   defining Unicode char U+00AC (decimal 172)
   defining Unicode char U+00AE (decimal 174)
   defining Unicode char U+00AF (decimal 175)
   defining Unicode char U+00B0 (decimal 176)
   defining Unicode char U+00B1 (decimal 177)
   defining Unicode char U+00B2 (decimal 178)
   defining Unicode char U+00B3 (decimal 179)
   defining Unicode char U+00B4 (decimal 180)
   defining Unicode char U+00B5 (decimal 181)
   defining Unicode char U+00B6 (decimal 182)
   defining Unicode char U+00B7 (decimal 183)
   defining Unicode char U+00B9 (decimal 185)
   defining Unicode char U+00BA (decimal 186)
   defining Unicode char U+00BC (decimal 188)
   defining Unicode char U+00BD (decimal 189)
   defining Unicode char U+00BE (decimal 190)
   defining Unicode char U+00D7 (decimal 215)
   defining Unicode char U+00F7 (decimal 247)
   defining Unicode char U+0192 (decimal 402)
   defining Unicode char U+02C7 (decimal 711)
   defining Unicode char U+02D8 (decimal 728)
   defining Unicode char U+02DD (decimal 733)
   defining Unicode char U+0E3F (decimal 3647)
   defining Unicode char U+2016 (decimal 8214)
   defining Unicode char U+2020 (decimal 8224)
   defining Unicode char U+2021 (decimal 8225)
   defining Unicode char U+2022 (decimal 8226)
   defining Unicode char U+2030 (decimal 8240)
   defining Unicode char U+2031 (decimal 8241)
   defining Unicode char U+203B (decimal 8251)
   defining Unicode char U+203D (decimal 8253)
   defining Unicode char U+2044 (decimal 8260)
   defining Unicode char U+204E (decimal 8270)
   defining Unicode char U+2052 (decimal 8274)
   defining Unicode char U+20A1 (decimal 8353)
   defining Unicode char U+20A4 (decimal 8356)
   defining Unicode char U+20A6 (decimal 8358)
   defining Unicode char U+20A9 (decimal 8361)
   defining Unicode char U+20AB (decimal 8363)
   defining Unicode char U+20AC (decimal 8364)
   defining Unicode char U+20B1 (decimal 8369)
   defining Unicode char U+2103 (decimal 8451)
   defining Unicode char U+2116 (decimal 8470)
   defining Unicode char U+2117 (decimal 8471)
   defining Unicode char U+211E (decimal 8478)
   defining Unicode char U+2120 (decimal 8480)
   defining Unicode char U+2122 (decimal 8482)
   defining Unicode char U+2126 (decimal 8486)
   defining Unicode char U+2127 (decimal 8487)
   defining Unicode char U+212E (decimal 8494)
   defining Unicode char U+2190 (decimal 8592)
   defining Unicode char U+2191 (decimal 8593)
   defining Unicode char U+2192 (decimal 8594)
   defining Unicode char U+2193 (decimal 8595)
   defining Unicode char U+2329 (decimal 9001)
   defining Unicode char U+232A (decimal 9002)
   defining Unicode char U+2422 (decimal 9250)
   defining Unicode char U+25E6 (decimal 9702)
   defining Unicode char U+25EF (decimal 9711)
   defining Unicode char U+266A (decimal 9834)
   defining Unicode char U+FEFF (decimal 65279)
))
LaTeX Info: Redefining \oldstylenums on input line 334.
Package textcomp Info: Setting cmr sub-encoding to TS1/0 on input line 349.
Package textcomp Info: Setting cmss sub-encoding to TS1/0 on input line 350.
Package textcomp Info: Setting cmtt sub-encoding to TS1/0 on input line 351.
Package textcomp Info: Setting cmvtt sub-encoding to TS1/0 on input line 352.
Package textcomp Info: Setting cmbr sub-encoding to TS1/0 on input line 353.
Package textcomp Info: Setting cmtl sub-encoding to TS1/0 on input line 354.
Package textcomp Info: Setting ccr sub-encoding to TS1/0 on input line 355.
Package textcomp Info: Setting ptm sub-encoding to TS1/4 on input line 356.
Package textcomp Info: Setting pcr sub-encoding to TS1/4 on input line 357.
Package textcomp Info: Setting phv sub-encoding to TS1/4 on input line 358.
Package textcomp Info: Setting ppl sub-encoding to TS1/3 on input line 359.
Package textcomp Info: Setting pag sub-encoding to TS1/4 on input line 360.
Package textcomp Info: Setting pbk sub-encoding to TS1/4 on input line 361.
Package textcomp Info: Setting pnc sub-encoding to TS1/4 on input line 362.
Package textcomp Info: Setting pzc sub-encoding to TS1/4 on input line 363.
Package textcomp Info: Setting bch sub-encoding to TS1/4 on input line 364.
Package textcomp Info: Setting put sub-encoding to TS1/5 on input line 365.
Package textcomp Info: Setting uag sub-encoding to TS1/5 on input line 366.
Package textcomp Info: Setting ugq sub-encoding to TS1/5 on input line 367.
Package textcomp Info: Setting ul8 sub-encoding to TS1/4 on input line 368.
Package textcomp Info: Setting ul9 sub-encoding to TS1/4 on input line 369.
Package textcomp Info: Setting augie sub-encoding to TS1/5 on input line 370.
Package textcomp Info: Setting dayrom sub-encoding to TS1/3 on input line 371.
Package textcomp Info: Setting dayroms sub-encoding to TS1/3 on input line 372.

Package textcomp Info: Setting pxr sub-encoding to TS1/0 on input line 373.
Package textcomp Info: Setting pxss sub-encoding to TS1/0 on input line 374.
Package textcomp Info: Setting pxtt sub-encoding to TS1/0 on input line 375.
Package textcomp Info: Setting txr sub-encoding to TS1/0 on input line 376.
Package textcomp Info: Setting txss sub-encoding to TS1/0 on input line 377.
Package textcomp Info: Setting txtt sub-encoding to TS1/0 on input line 378.
Package textcomp Info: Setting lmr sub-encoding to TS1/0 on input line 379.
Package textcomp Info: Setting lmdh sub-encoding to TS1/0 on input line 380.
Package textcomp Info: Setting lmss sub-encoding to TS1/0 on input line 381.
Package textcomp Info: Setting lmssq sub-encoding to TS1/0 on input line 382.
Package textcomp Info: Setting lmvtt sub-encoding to TS1/0 on input line 383.
Package textcomp Info: Setting lmtt sub-encoding to TS1/0 on input line 384.
Package textcomp Info: Setting qhv sub-encoding to TS1/0 on input line 385.
Package textcomp Info: Setting qag sub-encoding to TS1/0 on input line 386.
Package textcomp Info: Setting qbk sub-encoding to TS1/0 on input line 387.
Package textcomp Info: Setting qcr sub-encoding to TS1/0 on input line 388.
Package textcomp Info: Setting qcs sub-encoding to TS1/0 on input line 389.
Package textcomp Info: Setting qpl sub-encoding to TS1/0 on input line 390.
Package textcomp Info: Setting qtm sub-encoding to TS1/0 on input line 391.
Package textcomp Info: Setting qzc sub-encoding to TS1/0 on input line 392.
Package textcomp Info: Setting qhvc sub-encoding to TS1/0 on input line 393.
Package textcomp Info: Setting futs sub-encoding to TS1/4 on input line 394.
Package textcomp Info: Setting futx sub-encoding to TS1/4 on input line 395.
Package textcomp Info: Setting futj sub-encoding to TS1/4 on input line 396.
Package textcomp Info: Setting hlh sub-encoding to TS1/3 on input line 397.
Package textcomp Info: Setting hls sub-encoding to TS1/3 on input line 398.
Package textcomp Info: Setting hlst sub-encoding to TS1/3 on input line 399.
Package textcomp Info: Setting hlct sub-encoding to TS1/5 on input line 400.
Package textcomp Info: Setting hlx sub-encoding to TS1/5 on input line 401.
Package textcomp Info: Setting hlce sub-encoding to TS1/5 on input line 402.
Package textcomp Info: Setting hlcn sub-encoding to TS1/5 on input line 403.
Package textcomp Info: Setting hlcw sub-encoding to TS1/5 on input line 404.
Package textcomp Info: Setting hlcf sub-encoding to TS1/5 on input line 405.
Package textcomp Info: Setting pplx sub-encoding to TS1/3 on input line 406.
Package textcomp Info: Setting pplj sub-encoding to TS1/3 on input line 407.
Package textcomp Info: Setting ptmx sub-encoding to TS1/4 on input line 408.
Package textcomp Info: Setting ptmj sub-encoding to TS1/4 on input line 409.
)
(/usr/local/texlive/2018/texmf-dist/tex/latex/amsmath/amsmath.sty
Package: amsmath 2017/09/02 v2.17a AMS math features
\@mathmargin=\skip48

For additional information on amsmath, use the `?' option.
(/usr/local/texlive/2018/texmf-dist/tex/latex/amsmath/amstext.sty
Package: amstext 2000/06/29 v2.01 AMS text

(/usr/local/texlive/2018/texmf-dist/tex/latex/amsmath/amsgen.sty
File: amsgen.sty 1999/11/30 v2.0 generic functions
\@emptytoks=\toks18
\ex@=\dimen106
))
(/usr/local/texlive/2018/texmf-dist/tex/latex/amsmath/amsbsy.sty
Package: amsbsy 1999/11/29 v1.2d Bold Symbols
\pmbraise@=\dimen107
)
(/usr/local/texlive/2018/texmf-dist/tex/latex/amsmath/amsopn.sty
Package: amsopn 2016/03/08 v2.02 operator names
)
\inf@bad=\count98
LaTeX Info: Redefining \frac on input line 213.
\uproot@=\count99
\leftroot@=\count100
LaTeX Info: Redefining \overline on input line 375.
\classnum@=\count101
\DOTSCASE@=\count102
LaTeX Info: Redefining \ldots on input line 472.
LaTeX Info: Redefining \dots on input line 475.
LaTeX Info: Redefining \cdots on input line 596.
\Mathstrutbox@=\box26
\strutbox@=\box27
\big@size=\dimen108
LaTeX Font Info:    Redeclaring font encoding OML on input line 712.
LaTeX Font Info:    Redeclaring font encoding OMS on input line 713.
\macc@depth=\count103
\c@MaxMatrixCols=\count104
\dotsspace@=\muskip10
\c@parentequation=\count105
\dspbrk@lvl=\count106
\tag@help=\toks19
\row@=\count107
\column@=\count108
\maxfields@=\count109
\andhelp@=\toks20
\eqnshift@=\dimen109
\alignsep@=\dimen110
\tagshift@=\dimen111
\tagwidth@=\dimen112
\totwidth@=\dimen113
\lineht@=\dimen114
\@envbody=\toks21
\multlinegap=\skip49
\multlinetaggap=\skip50
\mathdisplay@stack=\toks22
LaTeX Info: Redefining \[ on input line 2817.
LaTeX Info: Redefining \] on input line 2818.
)
(/usr/local/texlive/2018/texmf-dist/tex/latex/amsfonts/amssymb.sty
Package: amssymb 2013/01/14 v3.01 AMS font symbols

(/usr/local/texlive/2018/texmf-dist/tex/latex/amsfonts/amsfonts.sty
Package: amsfonts 2013/01/14 v3.01 Basic AMSFonts support
\symAMSa=\mathgroup4
\symAMSb=\mathgroup5
LaTeX Font Info:    Overwriting math alphabet `\mathfrak' in version `bold'
(Font)                  U/euf/m/n --> U/euf/b/n on input line 106.
))
(/usr/local/texlive/2018/texmf-dist/tex/latex/jknapltx/mathrsfs.sty
Package: mathrsfs 1996/01/01 Math RSFS package v1.0 (jk)
\symrsfs=\mathgroup6
)
(/usr/local/texlive/2018/texmf-dist/tex/latex/stmaryrd/stmaryrd.sty
Package: stmaryrd 1994/03/03 St Mary's Road symbol package
\symstmry=\mathgroup7
LaTeX Font Info:    Overwriting symbol font `stmry' in version `bold'
(Font)                  U/stmry/m/n --> U/stmry/b/n on input line 89.
)
(/usr/local/texlive/2018/texmf-dist/tex/latex/graphics/graphicx.sty
Package: graphicx 2017/06/01 v1.1a Enhanced LaTeX Graphics (DPC,SPQR)

(/usr/local/texlive/2018/texmf-dist/tex/latex/graphics/graphics.sty
Package: graphics 2017/06/25 v1.2c Standard LaTeX Graphics (DPC,SPQR)

(/usr/local/texlive/2018/texmf-dist/tex/latex/graphics/trig.sty
Package: trig 2016/01/03 v1.10 sin cos tan (DPC)
)
(/usr/local/texlive/2018/texmf-dist/tex/latex/graphics-cfg/graphics.cfg
File: graphics.cfg 2016/06/04 v1.11 sample graphics configuration
)
Package graphics Info: Driver file: pdftex.def on input line 99.

(/usr/local/texlive/2018/texmf-dist/tex/latex/graphics-def/pdftex.def
File: pdftex.def 2018/01/08 v1.0l Graphics/color driver for pdftex
))
\Gin@req@height=\dimen115
\Gin@req@width=\dimen116
)
(/usr/local/texlive/2018/texmf-dist/tex/latex/polytechnique/polytechnique.sty
Package: polytechnique 2017/09/02 v1.3.5, standard scientific documents layout 
for Ecole polytechnique (Palaiseau,France).

(/usr/local/texlive/2018/texmf-dist/tex/latex/tools/calc.sty
Package: calc 2017/05/25 v4.3 Infix arithmetic (KKT,FJ)
\calc@Acount=\count110
\calc@Bcount=\count111
\calc@Adimen=\dimen117
\calc@Bdimen=\dimen118
\calc@Askip=\skip51
\calc@Bskip=\skip52
LaTeX Info: Redefining \setlength on input line 80.
LaTeX Info: Redefining \addtolength on input line 81.
\calc@Ccount=\count112
\calc@Cskip=\skip53
)
(/usr/local/texlive/2018/texmf-dist/tex/latex/xcolor/xcolor.sty
Package: xcolor 2016/05/11 v2.12 LaTeX color extensions (UK)

(/usr/local/texlive/2018/texmf-dist/tex/latex/graphics-cfg/color.cfg
File: color.cfg 2016/01/02 v1.6 sample color configuration
)
Package xcolor Info: Driver file: pdftex.def on input line 225.
Package xcolor Info: Model `cmy' substituted by `cmy0' on input line 1348.
Package xcolor Info: Model `hsb' substituted by `rgb' on input line 1352.
Package xcolor Info: Model `RGB' extended on input line 1364.
Package xcolor Info: Model `HTML' substituted by `rgb' on input line 1366.
Package xcolor Info: Model `Hsb' substituted by `hsb' on input line 1367.
Package xcolor Info: Model `tHsb' substituted by `hsb' on input line 1368.
Package xcolor Info: Model `HSB' substituted by `hsb' on input line 1369.
Package xcolor Info: Model `Gray' substituted by `gray' on input line 1370.
Package xcolor Info: Model `wave' substituted by `hsb' on input line 1371.
)
(/usr/local/texlive/2018/texmf-dist/tex/latex/geometry/geometry.sty
Package: geometry 2018/03/24 v5.7 Page Geometry

(/usr/local/texlive/2018/texmf-dist/tex/generic/oberdiek/ifpdf.sty
Package: ifpdf 2017/03/15 v3.2 Provides the ifpdf switch
)
(/usr/local/texlive/2018/texmf-dist/tex/generic/oberdiek/ifvtex.sty
Package: ifvtex 2016/05/16 v1.6 Detect VTeX and its facilities (HO)
Package ifvtex Info: VTeX not detected.
)
(/usr/local/texlive/2018/texmf-dist/tex/generic/ifxetex/ifxetex.sty
Package: ifxetex 2010/09/12 v0.6 Provides ifxetex conditional
)
\Gm@cnth=\count113
\Gm@cntv=\count114
\c@Gm@tempcnt=\count115
\Gm@bindingoffset=\dimen119
\Gm@wd@mp=\dimen120
\Gm@odd@mp=\dimen121
\Gm@even@mp=\dimen122
\Gm@layoutwidth=\dimen123
\Gm@layoutheight=\dimen124
\Gm@layouthoffset=\dimen125
\Gm@layoutvoffset=\dimen126
\Gm@dimlist=\toks23
)
(/usr/local/texlive/2018/texmf-dist/tex/latex/base/ifthen.sty
Package: ifthen 2014/09/29 v1.1c Standard LaTeX ifthen package (DPC)
)
(/usr/local/texlive/2018/texmf-dist/tex/latex/lm/lmodern.sty
Package: lmodern 2009/10/30 v1.6 Latin Modern Fonts
LaTeX Font Info:    Overwriting symbol font `operators' in version `normal'
(Font)                  OT1/cmr/m/n --> OT1/lmr/m/n on input line 22.
LaTeX Font Info:    Overwriting symbol font `letters' in version `normal'
(Font)                  OML/cmm/m/it --> OML/lmm/m/it on input line 23.
LaTeX Font Info:    Overwriting symbol font `symbols' in version `normal'
(Font)                  OMS/cmsy/m/n --> OMS/lmsy/m/n on input line 24.
LaTeX Font Info:    Overwriting symbol font `largesymbols' in version `normal'
(Font)                  OMX/cmex/m/n --> OMX/lmex/m/n on input line 25.
LaTeX Font Info:    Overwriting symbol font `operators' in version `bold'
(Font)                  OT1/cmr/bx/n --> OT1/lmr/bx/n on input line 26.
LaTeX Font Info:    Overwriting symbol font `letters' in version `bold'
(Font)                  OML/cmm/b/it --> OML/lmm/b/it on input line 27.
LaTeX Font Info:    Overwriting symbol font `symbols' in version `bold'
(Font)                  OMS/cmsy/b/n --> OMS/lmsy/b/n on input line 28.
LaTeX Font Info:    Overwriting symbol font `largesymbols' in version `bold'
(Font)                  OMX/cmex/m/n --> OMX/lmex/m/n on input line 29.
LaTeX Font Info:    Overwriting math alphabet `\mathbf' in version `normal'
(Font)                  OT1/cmr/bx/n --> OT1/lmr/bx/n on input line 31.
LaTeX Font Info:    Overwriting math alphabet `\mathsf' in version `normal'
(Font)                  OT1/cmss/m/n --> OT1/lmss/m/n on input line 32.
LaTeX Font Info:    Overwriting math alphabet `\mathit' in version `normal'
(Font)                  OT1/cmr/m/it --> OT1/lmr/m/it on input line 33.
LaTeX Font Info:    Overwriting math alphabet `\mathtt' in version `normal'
(Font)                  OT1/cmtt/m/n --> OT1/lmtt/m/n on input line 34.
LaTeX Font Info:    Overwriting math alphabet `\mathbf' in version `bold'
(Font)                  OT1/cmr/bx/n --> OT1/lmr/bx/n on input line 35.
LaTeX Font Info:    Overwriting math alphabet `\mathsf' in version `bold'
(Font)                  OT1/cmss/bx/n --> OT1/lmss/bx/n on input line 36.
LaTeX Font Info:    Overwriting math alphabet `\mathit' in version `bold'
(Font)                  OT1/cmr/bx/it --> OT1/lmr/bx/it on input line 37.
LaTeX Font Info:    Overwriting math alphabet `\mathtt' in version `bold'
(Font)                  OT1/cmtt/m/n --> OT1/lmtt/m/n on input line 38.
)
(/usr/local/texlive/2018/texmf-dist/tex/latex/titlesec/titlesec.sty
Package: titlesec 2016/03/21 v2.10.2 Sectioning titles
\ttl@box=\box28
\beforetitleunit=\skip54
\aftertitleunit=\skip55
\ttl@plus=\dimen127
\ttl@minus=\dimen128
\ttl@toksa=\toks24
\titlewidth=\dimen129
\titlewidthlast=\dimen130
\titlewidthfirst=\dimen131

(/usr/local/texlive/2018/texmf-dist/tex/latex/titlesec/ttlps.def
File: ttlps.def 2016/03/15
))
\margehaut=\skip56
\hauteurentete=\skip57
\separationentete=\skip58
\margecote=\skip59
\margecoteinterieur=\skip60
\margecoteexterieur=\skip61
\margebas=\skip62
\separationpied=\skip63
\hauteurlogohori=\skip64
\separationtitre=\skip65
\epaisseurtrait=\skip66
\separationlignestitre=\skip67
\separationtitrecorps=\skip68
\hauteurlogopage=\skip69
\separationentetelogo=\skip70
\largeurfiletpiedcentre=\skip71
\largeurlogovert=\skip72
\hauteurlogovert=\skip73
\largeurlogohori=\skip74
\distancetitrelogo=\skip75
\separationlogotrait=\skip76
\largeurminipage=\skip77
\distancetitrecorps=\skip78
\largeurtitreentete=\skip79
\decalageverticalentete=\skip80
)
(/usr/local/texlive/2018/texmf-dist/tex/latex/titlesec/block.tss
File: block.tss 2016/03/15
)
(./Yassin_Microstructure_de_Prix.aux)
\openout1 = `Yassin_Microstructure_de_Prix.aux'.

LaTeX Font Info:    Checking defaults for OML/cmm/m/it on input line 18.
LaTeX Font Info:    ... okay on input line 18.
LaTeX Font Info:    Checking defaults for T1/cmr/m/n on input line 18.
LaTeX Font Info:    ... okay on input line 18.
LaTeX Font Info:    Checking defaults for OT1/cmr/m/n on input line 18.
LaTeX Font Info:    ... okay on input line 18.
LaTeX Font Info:    Checking defaults for OMS/cmsy/m/n on input line 18.
LaTeX Font Info:    ... okay on input line 18.
LaTeX Font Info:    Checking defaults for OMX/cmex/m/n on input line 18.
LaTeX Font Info:    ... okay on input line 18.
LaTeX Font Info:    Checking defaults for U/cmr/m/n on input line 18.
LaTeX Font Info:    ... okay on input line 18.
LaTeX Font Info:    Checking defaults for TS1/cmr/m/n on input line 18.
LaTeX Font Info:    Try loading font information for TS1+cmr on input line 18.

(/usr/local/texlive/2018/texmf-dist/tex/latex/base/ts1cmr.fd
File: ts1cmr.fd 2014/09/29 v2.5h Standard LaTeX font definitions
)
LaTeX Font Info:    ... okay on input line 18.
LaTeX Font Info:    Try loading font information for T1+lmr on input line 18.

(/usr/local/texlive/2018/texmf-dist/tex/latex/lm/t1lmr.fd
File: t1lmr.fd 2009/10/30 v1.6 Font defs for Latin Modern
)
LaTeX Info: Redefining \degres on input line 18.
LaTeX Info: Redefining \dots on input line 18.
LaTeX Info: Redefining \up on input line 18.

(/usr/local/texlive/2018/texmf-dist/tex/context/base/mkii/supp-pdf.mkii
[Loading MPS to PDF converter (version 2006.09.02).]
\scratchcounter=\count116
\scratchdimen=\dimen132
\scratchbox=\box29
\nofMPsegments=\count117
\nofMParguments=\count118
\everyMPshowfont=\toks25
\MPscratchCnt=\count119
\MPscratchDim=\dimen133
\MPnumerator=\count120
\makeMPintoPDFobject=\count121
\everyMPtoPDFconversion=\toks26
) (/usr/local/texlive/2018/texmf-dist/tex/latex/oberdiek/epstopdf-base.sty
Package: epstopdf-base 2016/05/15 v2.6 Base part for package epstopdf

(/usr/local/texlive/2018/texmf-dist/tex/generic/oberdiek/infwarerr.sty
Package: infwarerr 2016/05/16 v1.4 Providing info/warning/error messages (HO)
)
(/usr/local/texlive/2018/texmf-dist/tex/latex/oberdiek/grfext.sty
Package: grfext 2016/05/16 v1.2 Manage graphics extensions (HO)

(/usr/local/texlive/2018/texmf-dist/tex/generic/oberdiek/kvdefinekeys.sty
Package: kvdefinekeys 2016/05/16 v1.4 Define keys (HO)

(/usr/local/texlive/2018/texmf-dist/tex/generic/oberdiek/ltxcmds.sty
Package: ltxcmds 2016/05/16 v1.23 LaTeX kernel commands for general use (HO)
)))
(/usr/local/texlive/2018/texmf-dist/tex/latex/oberdiek/kvoptions.sty
Package: kvoptions 2016/05/16 v3.12 Key value format for package options (HO)

(/usr/local/texlive/2018/texmf-dist/tex/generic/oberdiek/kvsetkeys.sty
Package: kvsetkeys 2016/05/16 v1.17 Key value parser (HO)

(/usr/local/texlive/2018/texmf-dist/tex/generic/oberdiek/etexcmds.sty
Package: etexcmds 2016/05/16 v1.6 Avoid name clashes with e-TeX commands (HO)

(/usr/local/texlive/2018/texmf-dist/tex/generic/oberdiek/ifluatex.sty
Package: ifluatex 2016/05/16 v1.4 Provides the ifluatex switch (HO)
Package ifluatex Info: LuaTeX not detected.
)
Package etexcmds Info: Could not find \expanded.
(etexcmds)             That can mean that you are not using pdfTeX 1.50 or
(etexcmds)             that some package has redefined \expanded.
(etexcmds)             In the latter case, load this package earlier.
)))
(/usr/local/texlive/2018/texmf-dist/tex/generic/oberdiek/pdftexcmds.sty
Package: pdftexcmds 2018/01/30 v0.27 Utility functions of pdfTeX for LuaTeX (HO
)
Package pdftexcmds Info: LuaTeX not detected.
Package pdftexcmds Info: \pdf@primitive is available.
Package pdftexcmds Info: \pdf@ifprimitive is available.
Package pdftexcmds Info: \pdfdraftmode found.
)
Package epstopdf-base Info: Redefining graphics rule for `.eps' on input line 4
38.
Package grfext Info: Graphics extension search list:
(grfext)             [.pdf,.png,.jpg,.mps,.jpeg,.jbig2,.jb2,.PDF,.PNG,.JPG,.JPE
G,.JBIG2,.JB2,.eps]
(grfext)             \AppendGraphicsExtensions on input line 456.

(/usr/local/texlive/2018/texmf-dist/tex/latex/latexconfig/epstopdf-sys.cfg
File: epstopdf-sys.cfg 2010/07/13 v1.3 Configuration of (r)epstopdf for TeX Liv
e
))
*geometry* driver: auto-detecting
*geometry* detected driver: pdftex
*geometry* verbose mode - [ preamble ] result:
* driver: pdftex
* paper: a4paper
* layout: <same size as paper>
* layoutoffset:(h,v)=(0.0pt,0.0pt)
* modes: 
* h-part:(L,W,R)=(56.9055pt, 483.69687pt, 56.9055pt)
* v-part:(T,H,B)=(113.81102pt, 631.65118pt, 99.58464pt)
* \paperwidth=597.50787pt
* \paperheight=845.04684pt
* \textwidth=483.69687pt
* \textheight=631.65118pt
* \oddsidemargin=-15.36449pt
* \evensidemargin=-15.36449pt
* \topmargin=-69.4247pt
* \headheight=76.82243pt
* \headsep=34.1433pt
* \topskip=11.0pt
* \footskip=49.79231pt
* \marginparwidth=50.0pt
* \marginparsep=10.0pt
* \columnsep=10.0pt
* \skip\footins=10.0pt plus 4.0pt minus 2.0pt
* \hoffset=0.0pt
* \voffset=0.0pt
* \mag=1000
* \@twocolumnfalse
* \@twosidefalse
* \@mparswitchfalse
* \@reversemarginfalse
* (1in=72.27pt=25.4mm, 1cm=28.453pt)

<polytechnique-armes.pdf, id=1, 195.20929pt x 257.65259pt>
File: polytechnique-armes.pdf Graphic file (type pdf)
<use polytechnique-armes.pdf>
Package pdftex.def Info: polytechnique-armes.pdf  used on input line 19.
(pdftex.def)             Requested size: 268.93037pt x 354.92172pt.
LaTeX Font Info:    Try loading font information for T1+lmss on input line 19.
(/usr/local/texlive/2018/texmf-dist/tex/latex/lm/t1lmss.fd
File: t1lmss.fd 2009/10/30 v1.6 Font defs for Latin Modern
)
LaTeX Info: Redefining \\ on input line 19.
<polytechnique-filetcourt.pdf, id=2, 28.40613pt x 2.1681pt>
File: polytechnique-filetcourt.pdf Graphic file (type pdf)
<use polytechnique-filetcourt.pdf>
Package pdftex.def Info: polytechnique-filetcourt.pdf  used on input line 19.
(pdftex.def)             Requested size: 28.40604pt x 2.16808pt.
LaTeX Font Info:    Try loading font information for OT1+lmr on input line 19.

(/usr/local/texlive/2018/texmf-dist/tex/latex/lm/ot1lmr.fd
File: ot1lmr.fd 2009/10/30 v1.6 Font defs for Latin Modern
)
LaTeX Font Info:    Try loading font information for OML+lmm on input line 19.

(/usr/local/texlive/2018/texmf-dist/tex/latex/lm/omllmm.fd
File: omllmm.fd 2009/10/30 v1.6 Font defs for Latin Modern
)
LaTeX Font Info:    Try loading font information for OMS+lmsy on input line 19.


(/usr/local/texlive/2018/texmf-dist/tex/latex/lm/omslmsy.fd
File: omslmsy.fd 2009/10/30 v1.6 Font defs for Latin Modern
)
LaTeX Font Info:    Try loading font information for OMX+lmex on input line 19.


(/usr/local/texlive/2018/texmf-dist/tex/latex/lm/omxlmex.fd
File: omxlmex.fd 2009/10/30 v1.6 Font defs for Latin Modern
)
LaTeX Font Info:    External font `lmex10' loaded for size
(Font)              <14.4> on input line 19.
LaTeX Font Info:    External font `lmex10' loaded for size
(Font)              <10> on input line 19.
LaTeX Font Info:    External font `lmex10' loaded for size
(Font)              <7> on input line 19.
LaTeX Font Info:    Try loading font information for U+msa on input line 19.

(/usr/local/texlive/2018/texmf-dist/tex/latex/amsfonts/umsa.fd
File: umsa.fd 2013/01/14 v3.01 AMS symbols A
)
LaTeX Font Info:    Try loading font information for U+msb on input line 19.

(/usr/local/texlive/2018/texmf-dist/tex/latex/amsfonts/umsb.fd
File: umsb.fd 2013/01/14 v3.01 AMS symbols B
)
LaTeX Font Info:    Try loading font information for U+rsfs on input line 19.

(/usr/local/texlive/2018/texmf-dist/tex/latex/jknapltx/ursfs.fd
File: ursfs.fd 1998/03/24 rsfs font definition file (jk)
)
LaTeX Font Info:    Try loading font information for U+stmry on input line 19.

(/usr/local/texlive/2018/texmf-dist/tex/latex/stmaryrd/Ustmry.fd)
<polytechnique-logovert.pdf, id=3, 196.735pt x 269.005pt>
File: polytechnique-logovert.pdf Graphic file (type pdf)
<use polytechnique-logovert.pdf>
Package pdftex.def Info: polytechnique-logovert.pdf  used on input line 19.
(pdftex.def)             Requested size: 84.95763pt x 116.1684pt.
 [1

{/usr/local/texlive/2018/texmf-var/fonts/map/pdftex/updmap/pdftex.map} </usr/lo
cal/texlive/2018/texmf-dist/tex/latex/polytechnique/polytechnique-armes.pdf> </
usr/local/texlive/2018/texmf-dist/tex/latex/polytechnique/polytechnique-filetco
urt.pdf> </usr/local/texlive/2018/texmf-dist/tex/latex/polytechnique/polytechni
que-logovert.pdf>]
LaTeX Info: Redefining \\ on input line 20.
<polytechnique-filetlongrouge.pdf, id=18, 124.21407pt x 2.1681pt>
File: polytechnique-filetlongrouge.pdf Graphic file (type pdf)
<use polytechnique-filetlongrouge.pdf>
Package pdftex.def Info: polytechnique-filetlongrouge.pdf  used on input line 2
0.
(pdftex.def)             Requested size: 124.21375pt x 2.16808pt.
File: polytechnique-filetcourt.pdf Graphic file (type pdf)
<use polytechnique-filetcourt.pdf>
Package pdftex.def Info: polytechnique-filetcourt.pdf  used on input line 21.
(pdftex.def)             Requested size: 28.40604pt x 2.16808pt.
LaTeX Font Info:    External font `lmex10' loaded for size
(Font)              <10.95> on input line 24.
LaTeX Font Info:    External font `lmex10' loaded for size
(Font)              <8> on input line 24.
LaTeX Font Info:    External font `lmex10' loaded for size
(Font)              <6> on input line 24.

Underfull \hbox (badness 10000) in paragraph at lines 23--25

 []


Overfull \hbox (1.68132pt too wide) in paragraph at lines 26--28
[]\T1/lmr/m/n/10.95 Pour ob-te-nir un in-ter-valle de confiance, on uti-lise le
 ré-sul-tat qui af-firme que : $[]\OT1/lmr/m/n/10.95 ([] [] 1[] \OMS/lmsy/m/n/1
0.95 ^^@
 []


Underfull \hbox (badness 10000) in paragraph at lines 26--28

 []


LaTeX Warning: Command \' invalid in math mode on input line 32.


LaTeX Warning: Command \' invalid in math mode on input line 32.


LaTeX Warning: Command \` invalid in math mode on input line 32.


Overfull \hbox (61.11621pt too wide) in paragraph at lines 29--35
[]\T1/lmr/m/n/10.95 Alors un in-ter-valle de confiance à $\OT1/lmr/m/n/10.95 95
$ $\OML/lmm/m/it/10.95 Onregroupelesr\OT1/lmr/m/n/10.95 é\OML/lmm/m/it/10.95 su
ltatspourdiff\OT1/lmr/m/n/10.95 é\OML/lmm/m/it/10.95 rentsparam\OT1/lmr/m/n/10.
95 è\OML/lmm/m/it/10.95 tresdansletableausuivant \OT1/lmr/m/n/10.95 :
 []

File: polytechnique-filetcourt.pdf Graphic file (type pdf)
<use polytechnique-filetcourt.pdf>
Package pdftex.def Info: polytechnique-filetcourt.pdf  used on input line 36.
(pdftex.def)             Requested size: 28.40604pt x 2.16808pt.
File: polytechnique-filetcourt.pdf Graphic file (type pdf)
<use polytechnique-filetcourt.pdf>
Package pdftex.def Info: polytechnique-filetcourt.pdf  used on input line 47.
(pdftex.def)             Requested size: 28.40604pt x 2.16808pt.
<polytechnique-logohori.pdf, id=19, 133.81996pt x 58.42828pt>
File: polytechnique-logohori.pdf Graphic file (type pdf)
<use polytechnique-logohori.pdf>
Package pdftex.def Info: polytechnique-logohori.pdf  used on input line 55.
(pdftex.def)             Requested size: 97.75308pt x 42.6808pt.
[2

 </usr/local/texlive/2018/texmf-dist/tex/latex/polytechnique/polytechnique-logo
hori.pdf> </usr/local/texlive/2018/texmf-dist/tex/latex/polytechnique/polytechn
ique-filetlongrouge.pdf>]
File: polytechnique-filetcourt.pdf Graphic file (type pdf)
<use polytechnique-filetcourt.pdf>
Package pdftex.def Info: polytechnique-filetcourt.pdf  used on input line 64.
(pdftex.def)             Requested size: 28.40604pt x 2.16808pt.
File: polytechnique-filetcourt.pdf Graphic file (type pdf)
<use polytechnique-filetcourt.pdf>
Package pdftex.def Info: polytechnique-filetcourt.pdf  used on input line 70.
(pdftex.def)             Requested size: 28.40604pt x 2.16808pt.

Underfull \hbox (badness 10000) in paragraph at lines 75--76

 []


Underfull \hbox (badness 10000) in paragraph at lines 78--79

 []


Underfull \hbox (badness 10000) in paragraph at lines 79--80

 []


Underfull \hbox (badness 10000) in paragraph at lines 80--81

 []


Underfull \hbox (badness 10000) in paragraph at lines 81--82

 []

LaTeX Info: Redefining \\ on input line 84.
File: polytechnique-filetlongrouge.pdf Graphic file (type pdf)
<use polytechnique-filetlongrouge.pdf>
Package pdftex.def Info: polytechnique-filetlongrouge.pdf  used on input line 8
4.
(pdftex.def)             Requested size: 124.21375pt x 2.16808pt.
File: polytechnique-filetcourt.pdf Graphic file (type pdf)
<use polytechnique-filetcourt.pdf>
Package pdftex.def Info: polytechnique-filetcourt.pdf  used on input line 85.
(pdftex.def)             Requested size: 28.40604pt x 2.16808pt.

Underfull \hbox (badness 10000) in paragraph at lines 86--87

 []


Underfull \hbox (badness 10000) in paragraph at lines 89--90

 []

File: polytechnique-logohori.pdf Graphic file (type pdf)
<use polytechnique-logohori.pdf>
Package pdftex.def Info: polytechnique-logohori.pdf  used on input line 90.
(pdftex.def)             Requested size: 97.75308pt x 42.6808pt.
[3]
Underfull \hbox (badness 10000) in paragraph at lines 90--91

 []


Underfull \hbox (badness 10000) in paragraph at lines 91--92

 []


Underfull \hbox (badness 10000) in paragraph at lines 92--93

 []


Underfull \hbox (badness 10000) in paragraph at lines 93--94

 []


Underfull \hbox (badness 10000) in paragraph at lines 101--102

 []


Underfull \hbox (badness 10000) in paragraph at lines 103--106

 []


Underfull \hbox (badness 10000) in paragraph at lines 107--108

 []


Underfull \hbox (badness 10000) in paragraph at lines 110--111

 []

File: polytechnique-logohori.pdf Graphic file (type pdf)
<use polytechnique-logohori.pdf>
Package pdftex.def Info: polytechnique-logohori.pdf  used on input line 112.
(pdftex.def)             Requested size: 97.75308pt x 42.6808pt.
[4]
Underfull \hbox (badness 10000) in paragraph at lines 112--113

 []


Underfull \hbox (badness 10000) in paragraph at lines 114--115

 []


Underfull \hbox (badness 10000) in paragraph at lines 119--120

 []

File: polytechnique-filetcourt.pdf Graphic file (type pdf)
<use polytechnique-filetcourt.pdf>
Package pdftex.def Info: polytechnique-filetcourt.pdf  used on input line 121.
(pdftex.def)             Requested size: 28.40604pt x 2.16808pt.

Underfull \hbox (badness 10000) in paragraph at lines 123--126

 []


Underfull \hbox (badness 10000) in paragraph at lines 127--128

 []


Underfull \hbox (badness 10000) in paragraph at lines 133--134

 []

LaTeX Info: Redefining \\ on input line 135.
File: polytechnique-filetlongrouge.pdf Graphic file (type pdf)
<use polytechnique-filetlongrouge.pdf>
Package pdftex.def Info: polytechnique-filetlongrouge.pdf  used on input line 1
35.
(pdftex.def)             Requested size: 124.21375pt x 2.16808pt.

Underfull \hbox (badness 10000) in paragraph at lines 137--138

 []

File: polytechnique-logohori.pdf Graphic file (type pdf)
<use polytechnique-logohori.pdf>
Package pdftex.def Info: polytechnique-logohori.pdf  used on input line 138.
(pdftex.def)             Requested size: 97.75308pt x 42.6808pt.
[5]
File: polytechnique-logohori.pdf Graphic file (type pdf)
<use polytechnique-logohori.pdf>
Package pdftex.def Info: polytechnique-logohori.pdf  used on input line 142.
(pdftex.def)             Requested size: 97.75308pt x 42.6808pt.
 [6] (./Yassin_Microstructure_de_Prix.aux) ) 
Here is how much of TeX's memory you used:
 6191 strings out of 492649
 85732 string characters out of 6129623
 166560 words of memory out of 5000000
 9908 multiletter control sequences out of 15000+600000
 71692 words of font info for 73 fonts, out of 8000000 for 9000
 1141 hyphenation exceptions out of 8191
 41i,12n,40p,906b,574s stack positions out of 5000i,500n,10000p,200000b,80000s
{/usr/local/texlive/2018/texmf-dist
/fonts/enc/dvips/lm/lm-rm.enc}{/usr/local/texlive/2018/texmf-dist/fonts/enc/dvi
ps/lm/lm-mathsy.enc}{/usr/local/texlive/2018/texmf-dist/fonts/enc/dvips/lm/lm-m
athit.enc}{/usr/local/texlive/2018/texmf-dist/fonts/enc/dvips/lm/lm-mathex.enc}
{/usr/local/texlive/2018/texmf-dist/fonts/enc/dvips/lm/lm-ec.enc}</usr/local/te
xlive/2018/texmf-dist/fonts/type1/public/lm/lmcsc10.pfb></usr/local/texlive/201
8/texmf-dist/fonts/type1/public/lm/lmex10.pfb></usr/local/texlive/2018/texmf-di
st/fonts/type1/public/lm/lmmi10.pfb></usr/local/texlive/2018/texmf-dist/fonts/t
ype1/public/lm/lmmi6.pfb></usr/local/texlive/2018/texmf-dist/fonts/type1/public
/lm/lmmi8.pfb></usr/local/texlive/2018/texmf-dist/fonts/type1/public/lm/lmr10.p
fb></usr/local/texlive/2018/texmf-dist/fonts/type1/public/lm/lmr12.pfb></usr/lo
cal/texlive/2018/texmf-dist/fonts/type1/public/lm/lmr6.pfb></usr/local/texlive/
2018/texmf-dist/fonts/type1/public/lm/lmr8.pfb></usr/local/texlive/2018/texmf-d
ist/fonts/type1/public/lm/lmss12.pfb></usr/local/texlive/2018/texmf-dist/fonts/
type1/public/lm/lmssbx10.pfb></usr/local/texlive/2018/texmf-dist/fonts/type1/pu
blic/lm/lmsy10.pfb></usr/local/texlive/2018/texmf-dist/fonts/type1/public/lm/lm
sy6.pfb></usr/local/texlive/2018/texmf-dist/fonts/type1/public/lm/lmsy8.pfb></u
sr/local/texlive/2018/texmf-dist/fonts/type1/public/amsfonts/symbols/msbm10.pfb
>
Output written on Yassin_Microstructure_de_Prix.pdf (6 pages, 717067 bytes).
PDF statistics:
 105 PDF objects out of 1000 (max. 8388607)
 76 compressed objects within 1 object stream
 0 named destinations out of 1000 (max. 500000)
 26 words of extra memory for PDF output out of 10000 (max. 10000000)

